2024-12-12 23:14:41,691:INFO:Data saved successfully to data/weather_data.csv
2024-12-12 23:14:42,041:INFO:Data saved successfully to data/air_quality_data.csv
2024-12-12 23:14:42,043:INFO:Sleeping for 5 minutes
2024-12-12 23:19:42,398:INFO:Data saved successfully to data/weather_data.csv
2024-12-12 23:19:42,755:INFO:Data saved successfully to data/air_quality_data.csv
2024-12-12 23:19:42,756:INFO:Sleeping for 5 minutes
2024-12-13 00:42:31,924:INFO:Data saved successfully to C:/Users/kissa zahra/Desktop/semesters/Semester 7/MLOps/MLOPs Final Project/course-project-kissasium/data/weather_data.csv
2024-12-13 00:42:32,289:INFO:Data saved successfully to C:/Users/kissa zahra/Desktop/semesters/Semester 7/MLOps/MLOPs Final Project/course-project-kissasium/data/air_quality_data.csv
2024-12-13 00:42:32,289:INFO:Sleeping for 5 minutes
2024-12-13 00:54:03,400:INFO:Data saved successfully to C:/Users/kissa zahra/Desktop/semesters/Semester 7/MLOps/MLOPs Final Project/course-project-kissasium/data/weather_data.csv
2024-12-13 00:54:03,758:INFO:Data saved successfully to C:/Users/kissa zahra/Desktop/semesters/Semester 7/MLOps/MLOPs Final Project/course-project-kissasium/data/air_quality_data.csv
2024-12-13 00:54:03,759:INFO:Sleeping for 5 minutes
2024-12-13 19:11:18,627:INFO:Data saved successfully to C:/Users/kissa zahra/Desktop/semesters/Semester 7/MLOps/MLOPs Final Project/course-project-kissasium/data/weather_data.csv
2024-12-13 19:11:18,980:INFO:Data saved successfully to C:/Users/kissa zahra/Desktop/semesters/Semester 7/MLOps/MLOPs Final Project/course-project-kissasium/data/air_quality_data.csv
2024-12-13 19:11:18,980:INFO:Sleeping for 5 minutes
2024-12-13 19:16:19,377:INFO:Data saved successfully to C:/Users/kissa zahra/Desktop/semesters/Semester 7/MLOps/MLOPs Final Project/course-project-kissasium/data/weather_data.csv
2024-12-13 19:16:19,730:INFO:Data saved successfully to C:/Users/kissa zahra/Desktop/semesters/Semester 7/MLOps/MLOPs Final Project/course-project-kissasium/data/air_quality_data.csv
2024-12-13 19:16:19,731:INFO:Sleeping for 5 minutes
2024-12-13 19:21:20,096:INFO:Data saved successfully to C:/Users/kissa zahra/Desktop/semesters/Semester 7/MLOps/MLOPs Final Project/course-project-kissasium/data/weather_data.csv
2024-12-13 19:21:20,502:INFO:Data saved successfully to C:/Users/kissa zahra/Desktop/semesters/Semester 7/MLOps/MLOPs Final Project/course-project-kissasium/data/air_quality_data.csv
2024-12-13 19:21:20,503:INFO:Sleeping for 5 minutes
2024-12-13 19:26:20,873:INFO:Data saved successfully to C:/Users/kissa zahra/Desktop/semesters/Semester 7/MLOps/MLOPs Final Project/course-project-kissasium/data/weather_data.csv
2024-12-13 19:26:21,225:INFO:Data saved successfully to C:/Users/kissa zahra/Desktop/semesters/Semester 7/MLOps/MLOPs Final Project/course-project-kissasium/data/air_quality_data.csv
2024-12-13 19:26:21,226:INFO:Sleeping for 5 minutes
2024-12-13 19:31:21,616:INFO:Data saved successfully to C:/Users/kissa zahra/Desktop/semesters/Semester 7/MLOps/MLOPs Final Project/course-project-kissasium/data/weather_data.csv
2024-12-13 19:31:21,970:INFO:Data saved successfully to C:/Users/kissa zahra/Desktop/semesters/Semester 7/MLOps/MLOPs Final Project/course-project-kissasium/data/air_quality_data.csv
2024-12-13 19:31:21,970:INFO:Sleeping for 5 minutes
